{"C:\\Users\\markos\\Desktop\\codingfactory6\\node1\\products\\index.js": {"path":"C:\\Users\\markos\\Desktop\\codingfactory6\\node1\\products\\index.js","statementMap":{"0":{"start":{"line":1,"column":16},"end":{"line":1,"column":34}},"1":{"start":{"line":2,"column":12},"end":{"line":2,"column":21}},"2":{"start":{"line":3,"column":13},"end":{"line":3,"column":17}},"3":{"start":{"line":5,"column":17},"end":{"line":5,"column":36}},"4":{"start":{"line":7,"column":18},"end":{"line":7,"column":47}},"5":{"start":{"line":8,"column":24},"end":{"line":8,"column":44}},"6":{"start":{"line":9,"column":13},"end":{"line":9,"column":28}},"7":{"start":{"line":11,"column":0},"end":{"line":14,"column":4}},"8":{"start":{"line":16,"column":0},"end":{"line":16,"column":24}},"9":{"start":{"line":17,"column":0},"end":{"line":17,"column":46}},"10":{"start":{"line":19,"column":0},"end":{"line":19,"column":38}},"11":{"start":{"line":21,"column":0},"end":{"line":25,"column":6}},"12":{"start":{"line":23,"column":16},"end":{"line":23,"column":64}},"13":{"start":{"line":24,"column":17},"end":{"line":24,"column":60}},"14":{"start":{"line":27,"column":13},"end":{"line":27,"column":44}},"15":{"start":{"line":28,"column":20},"end":{"line":28,"column":59}},"16":{"start":{"line":30,"column":0},"end":{"line":30,"column":28}},"17":{"start":{"line":32,"column":0},"end":{"line":32,"column":42}},"18":{"start":{"line":34,"column":0},"end":{"line":38,"column":1}},"19":{"start":{"line":40,"column":0},"end":{"line":40,"column":21}}},"fnMap":{"0":{"name":"(anonymous_0)","decl":{"start":{"line":23,"column":8},"end":{"line":23,"column":9}},"loc":{"start":{"line":23,"column":14},"end":{"line":23,"column":65}},"line":23},"1":{"name":"(anonymous_1)","decl":{"start":{"line":24,"column":8},"end":{"line":24,"column":9}},"loc":{"start":{"line":24,"column":15},"end":{"line":24,"column":61}},"line":24}},"branchMap":{},"s":{"0":2,"1":2,"2":2,"3":2,"4":2,"5":2,"6":2,"7":2,"8":2,"9":2,"10":2,"11":2,"12":2,"13":0,"14":2,"15":2,"16":2,"17":2,"18":2,"19":2},"f":{"0":2,"1":0},"b":{},"_coverageSchema":"1a1c01bbd47fc00a2c39e90264f33305004495a9","hash":"07a1a2f43e45cd5d4326142bc36f705e0b9e36d7"}
,"C:\\Users\\markos\\Desktop\\codingfactory6\\node1\\products\\swagger.js": {"path":"C:\\Users\\markos\\Desktop\\codingfactory6\\node1\\products\\swagger.js","statementMap":{"0":{"start":{"line":1,"column":12},"end":{"line":1,"column":42}},"1":{"start":{"line":2,"column":13},"end":{"line":2,"column":43}},"2":{"start":{"line":4,"column":0},"end":{"line":312,"column":1}}},"fnMap":{},"branchMap":{},"s":{"0":2,"1":2,"2":2},"f":{},"b":{},"_coverageSchema":"1a1c01bbd47fc00a2c39e90264f33305004495a9","hash":"11eefd89218878ca5aa70a7ff032e5752b62d705"}
,"C:\\Users\\markos\\Desktop\\codingfactory6\\node1\\products\\controllers\\user.controller.js": {"path":"C:\\Users\\markos\\Desktop\\codingfactory6\\node1\\products\\controllers\\user.controller.js","statementMap":{"0":{"start":{"line":1,"column":13},"end":{"line":1,"column":44}},"1":{"start":{"line":4,"column":0},"end":{"line":15,"column":1}},"2":{"start":{"line":5,"column":4},"end":{"line":5,"column":34}},"3":{"start":{"line":7,"column":4},"end":{"line":14,"column":5}},"4":{"start":{"line":8,"column":23},"end":{"line":8,"column":40}},"5":{"start":{"line":11,"column":8},"end":{"line":11,"column":48}},"6":{"start":{"line":13,"column":8},"end":{"line":13,"column":45}},"7":{"start":{"line":17,"column":0},"end":{"line":27,"column":1}},"8":{"start":{"line":18,"column":21},"end":{"line":18,"column":40}},"9":{"start":{"line":19,"column":4},"end":{"line":19,"column":54}},"10":{"start":{"line":21,"column":4},"end":{"line":26,"column":5}},"11":{"start":{"line":22,"column":23},"end":{"line":22,"column":63}},"12":{"start":{"line":23,"column":8},"end":{"line":23,"column":46}},"13":{"start":{"line":25,"column":8},"end":{"line":25,"column":45}},"14":{"start":{"line":29,"column":0},"end":{"line":50,"column":1}},"15":{"start":{"line":30,"column":20},"end":{"line":40,"column":6}},"16":{"start":{"line":42,"column":4},"end":{"line":42,"column":64}},"17":{"start":{"line":44,"column":4},"end":{"line":49,"column":5}},"18":{"start":{"line":45,"column":23},"end":{"line":45,"column":43}},"19":{"start":{"line":46,"column":8},"end":{"line":46,"column":47}},"20":{"start":{"line":48,"column":8},"end":{"line":48,"column":44}},"21":{"start":{"line":52,"column":0},"end":{"line":76,"column":1}},"22":{"start":{"line":53,"column":21},"end":{"line":53,"column":40}},"23":{"start":{"line":54,"column":4},"end":{"line":54,"column":56}},"24":{"start":{"line":56,"column":23},"end":{"line":64,"column":5}},"25":{"start":{"line":66,"column":4},"end":{"line":75,"column":5}},"26":{"start":{"line":67,"column":23},"end":{"line":71,"column":9}},"27":{"start":{"line":72,"column":8},"end":{"line":72,"column":47}},"28":{"start":{"line":74,"column":8},"end":{"line":74,"column":44}},"29":{"start":{"line":78,"column":0},"end":{"line":89,"column":1}},"30":{"start":{"line":79,"column":21},"end":{"line":79,"column":40}},"31":{"start":{"line":81,"column":4},"end":{"line":81,"column":55}},"32":{"start":{"line":83,"column":4},"end":{"line":88,"column":5}},"33":{"start":{"line":84,"column":23},"end":{"line":84,"column":72}},"34":{"start":{"line":85,"column":8},"end":{"line":85,"column":48}},"35":{"start":{"line":87,"column":8},"end":{"line":87,"column":49}}},"fnMap":{"0":{"name":"(anonymous_0)","decl":{"start":{"line":4,"column":18},"end":{"line":4,"column":19}},"loc":{"start":{"line":4,"column":37},"end":{"line":15,"column":1}},"line":4},"1":{"name":"(anonymous_1)","decl":{"start":{"line":17,"column":18},"end":{"line":17,"column":19}},"loc":{"start":{"line":17,"column":37},"end":{"line":27,"column":1}},"line":17},"2":{"name":"(anonymous_2)","decl":{"start":{"line":29,"column":17},"end":{"line":29,"column":18}},"loc":{"start":{"line":29,"column":36},"end":{"line":50,"column":1}},"line":29},"3":{"name":"(anonymous_3)","decl":{"start":{"line":52,"column":17},"end":{"line":52,"column":18}},"loc":{"start":{"line":52,"column":36},"end":{"line":76,"column":1}},"line":52},"4":{"name":"(anonymous_4)","decl":{"start":{"line":78,"column":17},"end":{"line":78,"column":18}},"loc":{"start":{"line":78,"column":35},"end":{"line":89,"column":1}},"line":78}},"branchMap":{},"s":{"0":2,"1":2,"2":1,"3":1,"4":1,"5":1,"6":0,"7":2,"8":1,"9":1,"10":1,"11":1,"12":1,"13":0,"14":2,"15":2,"16":2,"17":2,"18":2,"19":1,"20":1,"21":2,"22":1,"23":1,"24":1,"25":1,"26":1,"27":1,"28":0,"29":2,"30":1,"31":1,"32":1,"33":1,"34":1,"35":0},"f":{"0":1,"1":1,"2":2,"3":1,"4":1},"b":{},"_coverageSchema":"1a1c01bbd47fc00a2c39e90264f33305004495a9","hash":"1774f4f0475dadd16d72927d4db28c224b3618d0"}
,"C:\\Users\\markos\\Desktop\\codingfactory6\\node1\\products\\controllers\\user.product.controller.js": {"path":"C:\\Users\\markos\\Desktop\\codingfactory6\\node1\\products\\controllers\\user.product.controller.js","statementMap":{"0":{"start":{"line":1,"column":13},"end":{"line":1,"column":44}},"1":{"start":{"line":3,"column":0},"end":{"line":12,"column":1}},"2":{"start":{"line":4,"column":4},"end":{"line":4,"column":43}},"3":{"start":{"line":6,"column":4},"end":{"line":11,"column":5}},"4":{"start":{"line":7,"column":23},"end":{"line":7,"column":75}},"5":{"start":{"line":8,"column":8},"end":{"line":8,"column":47}},"6":{"start":{"line":10,"column":8},"end":{"line":10,"column":44}},"7":{"start":{"line":14,"column":0},"end":{"line":24,"column":1}},"8":{"start":{"line":15,"column":21},"end":{"line":15,"column":40}},"9":{"start":{"line":16,"column":4},"end":{"line":16,"column":52}},"10":{"start":{"line":18,"column":4},"end":{"line":23,"column":5}},"11":{"start":{"line":19,"column":23},"end":{"line":19,"column":96}},"12":{"start":{"line":20,"column":8},"end":{"line":20,"column":47}},"13":{"start":{"line":22,"column":8},"end":{"line":22,"column":45}},"14":{"start":{"line":26,"column":0},"end":{"line":45,"column":1}},"15":{"start":{"line":27,"column":21},"end":{"line":27,"column":40}},"16":{"start":{"line":28,"column":21},"end":{"line":28,"column":38}},"17":{"start":{"line":30,"column":4},"end":{"line":30,"column":53}},"18":{"start":{"line":32,"column":4},"end":{"line":44,"column":5}},"19":{"start":{"line":33,"column":23},"end":{"line":40,"column":9}},"20":{"start":{"line":41,"column":8},"end":{"line":41,"column":46}},"21":{"start":{"line":43,"column":8},"end":{"line":43,"column":45}},"22":{"start":{"line":47,"column":0},"end":{"line":68,"column":1}},"23":{"start":{"line":48,"column":21},"end":{"line":48,"column":40}},"24":{"start":{"line":49,"column":23},"end":{"line":49,"column":36}},"25":{"start":{"line":50,"column":29},"end":{"line":50,"column":54}},"26":{"start":{"line":52,"column":4},"end":{"line":52,"column":62}},"27":{"start":{"line":54,"column":4},"end":{"line":67,"column":5}},"28":{"start":{"line":55,"column":23},"end":{"line":62,"column":9}},"29":{"start":{"line":64,"column":8},"end":{"line":64,"column":46}},"30":{"start":{"line":66,"column":8},"end":{"line":66,"column":45}},"31":{"start":{"line":70,"column":0},"end":{"line":89,"column":1}},"32":{"start":{"line":71,"column":21},"end":{"line":71,"column":40}},"33":{"start":{"line":72,"column":23},"end":{"line":72,"column":36}},"34":{"start":{"line":74,"column":4},"end":{"line":74,"column":54}},"35":{"start":{"line":76,"column":4},"end":{"line":88,"column":5}},"36":{"start":{"line":77,"column":23},"end":{"line":84,"column":9}},"37":{"start":{"line":85,"column":8},"end":{"line":85,"column":46}},"38":{"start":{"line":87,"column":8},"end":{"line":87,"column":45}},"39":{"start":{"line":91,"column":0},"end":{"line":126,"column":1}},"40":{"start":{"line":92,"column":4},"end":{"line":92,"column":58}},"41":{"start":{"line":94,"column":4},"end":{"line":125,"column":5}},"42":{"start":{"line":95,"column":23},"end":{"line":121,"column":10}},"43":{"start":{"line":122,"column":8},"end":{"line":122,"column":46}},"44":{"start":{"line":124,"column":8},"end":{"line":124,"column":44}},"45":{"start":{"line":128,"column":0},"end":{"line":166,"column":1}},"46":{"start":{"line":129,"column":21},"end":{"line":129,"column":40}},"47":{"start":{"line":131,"column":4},"end":{"line":131,"column":26}},"48":{"start":{"line":133,"column":4},"end":{"line":165,"column":5}},"49":{"start":{"line":134,"column":23},"end":{"line":161,"column":10}},"50":{"start":{"line":162,"column":8},"end":{"line":162,"column":47}},"51":{"start":{"line":164,"column":8},"end":{"line":164,"column":46}}},"fnMap":{"0":{"name":"(anonymous_0)","decl":{"start":{"line":3,"column":28},"end":{"line":3,"column":29}},"loc":{"start":{"line":3,"column":47},"end":{"line":12,"column":1}},"line":3},"1":{"name":"(anonymous_1)","decl":{"start":{"line":14,"column":27},"end":{"line":14,"column":28}},"loc":{"start":{"line":14,"column":46},"end":{"line":24,"column":1}},"line":14},"2":{"name":"(anonymous_2)","decl":{"start":{"line":26,"column":28},"end":{"line":26,"column":29}},"loc":{"start":{"line":26,"column":47},"end":{"line":45,"column":1}},"line":26},"3":{"name":"(anonymous_3)","decl":{"start":{"line":47,"column":28},"end":{"line":47,"column":29}},"loc":{"start":{"line":47,"column":48},"end":{"line":68,"column":1}},"line":47},"4":{"name":"(anonymous_4)","decl":{"start":{"line":70,"column":28},"end":{"line":70,"column":29}},"loc":{"start":{"line":70,"column":47},"end":{"line":89,"column":1}},"line":70},"5":{"name":"(anonymous_5)","decl":{"start":{"line":91,"column":17},"end":{"line":91,"column":18}},"loc":{"start":{"line":91,"column":36},"end":{"line":126,"column":1}},"line":91},"6":{"name":"(anonymous_6)","decl":{"start":{"line":128,"column":17},"end":{"line":128,"column":18}},"loc":{"start":{"line":128,"column":36},"end":{"line":166,"column":1}},"line":128}},"branchMap":{},"s":{"0":2,"1":2,"2":1,"3":1,"4":1,"5":1,"6":0,"7":2,"8":1,"9":1,"10":1,"11":1,"12":1,"13":0,"14":2,"15":1,"16":1,"17":1,"18":1,"19":1,"20":1,"21":0,"22":2,"23":1,"24":1,"25":1,"26":1,"27":1,"28":1,"29":1,"30":0,"31":2,"32":1,"33":1,"34":1,"35":1,"36":1,"37":1,"38":0,"39":2,"40":0,"41":0,"42":0,"43":0,"44":0,"45":2,"46":0,"47":0,"48":0,"49":0,"50":0,"51":0},"f":{"0":1,"1":1,"2":1,"3":1,"4":1,"5":0,"6":0},"b":{},"_coverageSchema":"1a1c01bbd47fc00a2c39e90264f33305004495a9","hash":"3e03dae6d0ab8333326d851984b27fa094e56fbc"}
,"C:\\Users\\markos\\Desktop\\codingfactory6\\node1\\products\\models\\user.model.js": {"path":"C:\\Users\\markos\\Desktop\\codingfactory6\\node1\\products\\models\\user.model.js","statementMap":{"0":{"start":{"line":1,"column":17},"end":{"line":1,"column":36}},"1":{"start":{"line":2,"column":24},"end":{"line":2,"column":60}},"2":{"start":{"line":4,"column":15},"end":{"line":4,"column":30}},"3":{"start":{"line":6,"column":19},"end":{"line":9,"column":17}},"4":{"start":{"line":11,"column":18},"end":{"line":14,"column":16}},"5":{"start":{"line":16,"column":20},"end":{"line":21,"column":2}},"6":{"start":{"line":23,"column":17},"end":{"line":66,"column":2}},"7":{"start":{"line":68,"column":0},"end":{"line":68,"column":35}},"8":{"start":{"line":70,"column":0},"end":{"line":70,"column":51}}},"fnMap":{},"branchMap":{},"s":{"0":2,"1":2,"2":2,"3":2,"4":2,"5":2,"6":2,"7":2,"8":2},"f":{},"b":{},"_coverageSchema":"1a1c01bbd47fc00a2c39e90264f33305004495a9","hash":"6adfa329f534a604b561d4d4d40fbf142f306421"}
,"C:\\Users\\markos\\Desktop\\codingfactory6\\node1\\products\\routes\\user.product.routes.js": {"path":"C:\\Users\\markos\\Desktop\\codingfactory6\\node1\\products\\routes\\user.product.routes.js","statementMap":{"0":{"start":{"line":1,"column":16},"end":{"line":1,"column":34}},"1":{"start":{"line":2,"column":15},"end":{"line":2,"column":31}},"2":{"start":{"line":4,"column":30},"end":{"line":4,"column":79}},"3":{"start":{"line":6,"column":0},"end":{"line":6,"column":71}},"4":{"start":{"line":7,"column":0},"end":{"line":7,"column":74}},"5":{"start":{"line":8,"column":0},"end":{"line":8,"column":76}},"6":{"start":{"line":9,"column":0},"end":{"line":9,"column":81}},"7":{"start":{"line":10,"column":0},"end":{"line":10,"column":82}},"8":{"start":{"line":12,"column":0},"end":{"line":12,"column":52}},"9":{"start":{"line":13,"column":0},"end":{"line":13,"column":62}},"10":{"start":{"line":15,"column":0},"end":{"line":15,"column":24}}},"fnMap":{},"branchMap":{},"s":{"0":2,"1":2,"2":2,"3":2,"4":2,"5":2,"6":2,"7":2,"8":2,"9":2,"10":2},"f":{},"b":{},"_coverageSchema":"1a1c01bbd47fc00a2c39e90264f33305004495a9","hash":"eee14861d5ae905fa018d377ea3f385c49ff5e87"}
,"C:\\Users\\markos\\Desktop\\codingfactory6\\node1\\products\\routes\\user.routes.js": {"path":"C:\\Users\\markos\\Desktop\\codingfactory6\\node1\\products\\routes\\user.routes.js","statementMap":{"0":{"start":{"line":1,"column":16},"end":{"line":1,"column":34}},"1":{"start":{"line":2,"column":15},"end":{"line":2,"column":31}},"2":{"start":{"line":4,"column":23},"end":{"line":4,"column":64}},"3":{"start":{"line":6,"column":0},"end":{"line":6,"column":40}},"4":{"start":{"line":7,"column":0},"end":{"line":7,"column":49}},"5":{"start":{"line":8,"column":0},"end":{"line":8,"column":40}},"6":{"start":{"line":9,"column":0},"end":{"line":9,"column":49}},"7":{"start":{"line":10,"column":0},"end":{"line":10,"column":51}},"8":{"start":{"line":12,"column":0},"end":{"line":12,"column":24}}},"fnMap":{},"branchMap":{},"s":{"0":2,"1":2,"2":2,"3":2,"4":2,"5":2,"6":2,"7":2,"8":2},"f":{},"b":{},"_coverageSchema":"1a1c01bbd47fc00a2c39e90264f33305004495a9","hash":"8e1edde07be3231fbd98e18cae8a9e45193409bb"}
,"C:\\Users\\markos\\Desktop\\codingfactory6\\node1\\products\\services\\user.service.js": {"path":"C:\\Users\\markos\\Desktop\\codingfactory6\\node1\\products\\services\\user.service.js","statementMap":{"0":{"start":{"line":1,"column":13},"end":{"line":1,"column":44}},"1":{"start":{"line":4,"column":4},"end":{"line":4,"column":43}},"2":{"start":{"line":6,"column":4},"end":{"line":11,"column":5}},"3":{"start":{"line":7,"column":23},"end":{"line":7,"column":66}},"4":{"start":{"line":8,"column":8},"end":{"line":8,"column":24}},"5":{"start":{"line":10,"column":8},"end":{"line":10,"column":61}},"6":{"start":{"line":28,"column":4},"end":{"line":28,"column":49}},"7":{"start":{"line":29,"column":4},"end":{"line":37,"column":5}},"8":{"start":{"line":30,"column":23},"end":{"line":32,"column":38}},"9":{"start":{"line":33,"column":8},"end":{"line":33,"column":22}},"10":{"start":{"line":35,"column":8},"end":{"line":35,"column":57}},"11":{"start":{"line":36,"column":8},"end":{"line":36,"column":21}},"12":{"start":{"line":40,"column":0},"end":{"line":40,"column":59}}},"fnMap":{"0":{"name":"findLastInsertedUser","decl":{"start":{"line":3,"column":15},"end":{"line":3,"column":35}},"loc":{"start":{"line":3,"column":37},"end":{"line":12,"column":1}},"line":3},"1":{"name":"findUsersProduct","decl":{"start":{"line":27,"column":15},"end":{"line":27,"column":31}},"loc":{"start":{"line":27,"column":42},"end":{"line":38,"column":1}},"line":27}},"branchMap":{},"s":{"0":2,"1":8,"2":8,"3":8,"4":8,"5":0,"6":1,"7":1,"8":1,"9":1,"10":0,"11":0,"12":2},"f":{"0":8,"1":1},"b":{},"_coverageSchema":"1a1c01bbd47fc00a2c39e90264f33305004495a9","hash":"8424d87a057b5aad3e5a23c246fdb289b93f5d7c"}
}
