TN:
SF:index.js
FN:23,(anonymous_0)
FN:24,(anonymous_1)
FNF:2
FNH:1
FNDA:1,(anonymous_0)
FNDA:0,(anonymous_1)
DA:1,1
DA:2,1
DA:3,1
DA:5,1
DA:7,1
DA:8,1
DA:9,1
DA:11,1
DA:16,1
DA:17,1
DA:19,1
DA:21,1
DA:23,1
DA:24,0
DA:27,1
DA:28,1
DA:30,1
DA:32,1
DA:34,1
DA:40,1
LF:20
LH:19
BRF:0
BRH:0
end_of_record
TN:
SF:swagger.js
FNF:0
FNH:0
DA:1,1
DA:2,1
DA:4,1
LF:3
LH:3
BRF:0
BRH:0
end_of_record
TN:
SF:controllers\user.controller.js
FN:4,(anonymous_0)
FN:17,(anonymous_1)
FN:29,(anonymous_2)
FN:52,(anonymous_3)
FN:77,(anonymous_4)
FNF:5
FNH:5
FNDA:1,(anonymous_0)
FNDA:1,(anonymous_1)
FNDA:2,(anonymous_2)
FNDA:1,(anonymous_3)
FNDA:1,(anonymous_4)
DA:1,1
DA:4,1
DA:5,1
DA:7,1
DA:8,1
DA:11,1
DA:13,0
DA:17,1
DA:18,1
DA:19,1
DA:21,1
DA:22,1
DA:23,1
DA:25,0
DA:29,1
DA:30,2
DA:42,2
DA:44,2
DA:45,2
DA:46,1
DA:48,1
DA:52,1
DA:53,1
DA:54,1
DA:56,1
DA:66,1
DA:67,1
DA:71,1
DA:73,0
DA:77,1
DA:78,1
DA:80,1
DA:82,1
DA:83,1
DA:84,1
DA:86,0
LF:36
LH:32
BRF:0
BRH:0
end_of_record
TN:
SF:controllers\user.product.controller.js
FN:3,(anonymous_0)
FN:14,(anonymous_1)
FN:26,(anonymous_2)
FN:47,(anonymous_3)
FN:70,(anonymous_4)
FN:91,(anonymous_5)
FN:128,(anonymous_6)
FNF:7
FNH:0
FNDA:0,(anonymous_0)
FNDA:0,(anonymous_1)
FNDA:0,(anonymous_2)
FNDA:0,(anonymous_3)
FNDA:0,(anonymous_4)
FNDA:0,(anonymous_5)
FNDA:0,(anonymous_6)
DA:1,1
DA:3,1
DA:4,0
DA:6,0
DA:7,0
DA:8,0
DA:10,0
DA:14,1
DA:15,0
DA:16,0
DA:18,0
DA:19,0
DA:20,0
DA:22,0
DA:26,1
DA:27,0
DA:28,0
DA:30,0
DA:32,0
DA:33,0
DA:41,0
DA:43,0
DA:47,1
DA:48,0
DA:49,0
DA:50,0
DA:52,0
DA:54,0
DA:55,0
DA:64,0
DA:66,0
DA:70,1
DA:71,0
DA:72,0
DA:74,0
DA:76,0
DA:77,0
DA:85,0
DA:87,0
DA:91,1
DA:92,0
DA:94,0
DA:95,0
DA:122,0
DA:124,0
DA:128,1
DA:129,0
DA:131,0
DA:133,0
DA:134,0
DA:162,0
DA:164,0
LF:52
LH:8
BRF:0
BRH:0
end_of_record
TN:
SF:models\user.model.js
FNF:0
FNH:0
DA:1,1
DA:2,1
DA:4,1
DA:6,1
DA:11,1
DA:16,1
DA:23,1
DA:68,1
DA:70,1
LF:9
LH:9
BRF:0
BRH:0
end_of_record
TN:
SF:routes\user.product.routes.js
FNF:0
FNH:0
DA:1,1
DA:2,1
DA:4,1
DA:6,1
DA:7,1
DA:8,1
DA:9,1
DA:10,1
DA:12,1
DA:13,1
DA:15,1
LF:11
LH:11
BRF:0
BRH:0
end_of_record
TN:
SF:routes\user.routes.js
FNF:0
FNH:0
DA:1,1
DA:2,1
DA:4,1
DA:6,1
DA:7,1
DA:8,1
DA:9,1
DA:10,1
DA:12,1
LF:9
LH:9
BRF:0
BRH:0
end_of_record
TN:
SF:services\user.service.js
FN:3,findLastInsertedUser
FNF:1
FNH:1
FNDA:4,findLastInsertedUser
DA:1,1
DA:4,4
DA:6,4
DA:7,4
DA:8,4
DA:10,0
DA:14,1
LF:7
LH:6
BRF:0
BRH:0
end_of_record
